INFO  2025-11-25 21:59:03,426 serena.cli:health_check:632 - Starting health check for project: /home/sboynton/.local/share/chezmoi/dot_zsh
INFO  2025-11-25 21:59:03,426 serena.cli:health_check:636 - Creating SerenaAgent with disabled dashboard...
INFO  2025-11-25 21:59:03,427 serena.agent:__init__:222 - Will record tool usage statistics with token count estimator: CHAR_COUNT.
INFO  2025-11-25 21:59:03,438 serena.agent:__init__:226 - Starting Serena server (version=0.1.4-842381ac-dirty, process id=494465, parent process id=494361)
INFO  2025-11-25 21:59:03,438 serena.agent:__init__:227 - Configuration file: None
INFO  2025-11-25 21:59:03,438 serena.agent:__init__:228 - Available projects: 
INFO  2025-11-25 21:59:03,438 serena.agent:__init__:229 - Loaded tools (38): read_file, create_text_file, list_dir, find_file, replace_content, delete_lines, replace_lines, insert_at_line, search_for_pattern, restart_language_server, get_symbols_overview, find_symbol, find_referencing_symbols, replace_symbol_body, insert_after_symbol, insert_before_symbol, rename_symbol, write_memory, read_memory, list_memories, delete_memory, edit_memory, execute_shell_command, activate_project, remove_project, switch_modes, get_current_config, check_onboarding_performed, onboarding, think_about_collected_information, think_about_task_adherence, think_about_whether_you_are_done, summarize_changes, prepare_for_new_conversation, initial_instructions, jet_brains_find_symbol, jet_brains_find_referencing_symbols, jet_brains_get_symbols_overview
INFO  2025-11-25 21:59:03,438 serena.agent:apply:126 - SerenaAgentContext[name='desktop-app'] included 1 tools: switch_modes
INFO  2025-11-25 21:59:03,439 serena.agent:__init__:243 - Number of exposed tools: 29
INFO  2025-11-25 21:59:03,450 serena.agent:_update_active_tools:477 - Active tools (29): activate_project, check_onboarding_performed, create_text_file, delete_memory, edit_memory, execute_shell_command, find_file, find_referencing_symbols, find_symbol, get_current_config, get_symbols_overview, initial_instructions, insert_after_symbol, insert_before_symbol, list_dir, list_memories, onboarding, prepare_for_new_conversation, read_file, read_memory, rename_symbol, replace_content, replace_symbol_body, search_for_pattern, switch_modes, think_about_collected_information, think_about_task_adherence, think_about_whether_you_are_done, write_memory
INFO  2025-11-25 21:59:03,452 serena.util.file_system:start:360 - Loading of .gitignore files starting ...
INFO  2025-11-25 21:59:03,452 serena.util.file_system:_load_gitignore_files:148 - Processing .gitignore file: /home/sboynton/.local/share/chezmoi/dot_zsh/.gitignore
INFO  2025-11-25 21:59:03,453 serena.util.file_system:_load_gitignore_files:148 - Processing .gitignore file: /home/sboynton/.local/share/chezmoi/dot_zsh/.serena/.gitignore
INFO  2025-11-25 21:59:03,453 serena.util.file_system:stop:367 - Loading of .gitignore files completed in 0.000 seconds
INFO  2025-11-25 21:59:03,453 serena.agent:load_project_from_path_or_name:544 - Added new project dot_zsh for path /home/sboynton/.local/share/chezmoi/dot_zsh
INFO  2025-11-25 21:59:03,453 serena.agent:_activate_project:514 - Activating dot_zsh at /home/sboynton/.local/share/chezmoi/dot_zsh
INFO  2025-11-25 21:59:03,453 serena.agent:_update_active_tools:477 - Active tools (29): activate_project, check_onboarding_performed, create_text_file, delete_memory, edit_memory, execute_shell_command, find_file, find_referencing_symbols, find_symbol, get_current_config, get_symbols_overview, initial_instructions, insert_after_symbol, insert_before_symbol, list_dir, list_memories, onboarding, prepare_for_new_conversation, read_file, read_memory, rename_symbol, replace_content, replace_symbol_body, search_for_pattern, switch_modes, think_about_collected_information, think_about_task_adherence, think_about_whether_you_are_done, write_memory
INFO  2025-11-25 21:59:03,453 serena.task_executor:issue_task:192 - Scheduling Task-1:init_language_server_manager
INFO  2025-11-25 21:59:03,453 serena.cli:health_check:639 - SerenaAgent created successfully
INFO  2025-11-25 21:59:03,453 serena.cli:health_check:642 - Searching for analyzable files...
INFO  2025-11-25 21:59:03,454 serena.cli:health_check:651 - Found analyzable file: scripts/executable_preview_all.sh
INFO  2025-11-25 21:59:03,454 serena.cli:health_check:669 - Testing GetSymbolsOverviewTool on file: scripts/executable_preview_all.sh
INFO  2025-11-25 21:59:03,454 serena.task_executor:issue_task:192 - Scheduling Task-2:<lambda>
INFO  2025-11-25 21:59:03,539 serena.task_executor:_process_task_queue:123 - Starting execution of Task-1:init_language_server_manager
INFO  2025-11-25 21:59:03,541 serena.task_executor:start:360 - Task-1:init_language_server_manager starting ...
INFO  2025-11-25 21:59:03,542 serena.agent:start:360 - Language server initialization starting ...
INFO  2025-11-25 21:59:03,542 serena.project:create_language_server_manager:384 - Creating language server manager for /home/sboynton/.local/share/chezmoi/dot_zsh
INFO  2025-11-25 21:59:03,542 sensai.util.logging:start:360 - Language server startup (language=bash) starting ...
INFO  2025-11-25 21:59:03,543 serena.ls_manager:create_language_server:44 - Creating language server instance for /home/sboynton/.local/share/chezmoi/dot_zsh, language=bash.
INFO  2025-11-25 21:59:03,595 solidlsp:_setup_runtime_dependencies:79 - Bash Language Server executable not found at /home/sboynton/.serena/language_servers/static/BashLanguageServer/bash-lsp/node_modules/.bin/bash-language-server. Installing...
INFO  2025-11-25 21:59:03,609 solidlsp.language_servers.common:_run_command:114 - Running command 'npm install --prefix ./ bash-language-server@5.6.0' in '/home/sboynton/.serena/language_servers/static/BashLanguageServer/bash-lsp'
INFO  2025-11-25 21:59:05,737 solidlsp.language_servers.common:_run_command:129 - Command completed successfully
INFO  2025-11-25 21:59:05,737 solidlsp:_setup_runtime_dependencies:81 - Bash language server dependencies installed successfully
INFO  2025-11-25 21:59:05,793 solidlsp:start:1905 - Starting language server with language bash for /home/sboynton/.local/share/chezmoi/dot_zsh
INFO  2025-11-25 21:59:05,793 solidlsp:_start_server:163 - Starting Bash server process
INFO  2025-11-25 21:59:05,793 solidlsp.ls_handler:start:194 - Starting language server process via command: /home/sboynton/.serena/language_servers/static/BashLanguageServer/bash-lsp/node_modules/.bin/bash-language-server start
INFO  2025-11-25 21:59:05,794 solidlsp:_start_server:167 - Sending initialize request from LSP client to LSP server and awaiting response
INFO  2025-11-25 21:59:06,036 solidlsp:_start_server:180 - Bash server supports document symbols
INFO  2025-11-25 21:59:06,036 solidlsp:_start_server:187 - Waiting for Bash language server to be ready...
INFO  2025-11-25 21:59:06,044 solidlsp:window_log_message:149 - LSP: window/logMessage: {"type": 3, "message": "05:59:06.037 INFO BackgroundAnalysis: resolving glob "**/*@(.sh|.inc|.bash|.command)" inside "file:///home/sboynton/.local/share/chezmoi/dot_zsh"..."}
INFO  2025-11-25 21:59:06,047 solidlsp:window_log_message:149 - LSP: window/logMessage: {"type": 3, "message": "05:59:06.046 INFO BackgroundAnalysis: Glob resolved with 1 files after 0.009 seconds"}
INFO  2025-11-25 21:59:06,058 solidlsp:window_log_message:149 - LSP: window/logMessage: {"type": 3, "message": "05:59:06.057 INFO BackgroundAnalysis: Completed after 0.02 seconds."}
INFO  2025-11-25 21:59:09,037 solidlsp:_start_server:191 - Timeout waiting for bash server ready signal, proceeding anyway
INFO  2025-11-25 21:59:09,037 sensai.util.logging:stop:367 - Language server startup (language=bash) completed in 5.494 seconds
INFO  2025-11-25 21:59:09,037 serena.agent:stop:367 - Language server initialization completed in 5.495 seconds
INFO  2025-11-25 21:59:09,037 serena.task_executor:stop:367 - Task-1:init_language_server_manager completed in 5.496 seconds
INFO  2025-11-25 21:59:09,037 serena.task_executor:_process_task_queue:123 - Starting execution of Task-2:<lambda>
INFO  2025-11-25 21:59:09,037 serena.task_executor:start:360 - Task-2:<lambda> starting ...
INFO  2025-11-25 21:59:09,047 solidlsp:request_document_symbols:212 - LSP function detection for scripts/executable_preview_all.sh: Found 1 functions
INFO  2025-11-25 21:59:09,047 serena.task_executor:stop:367 - Task-2:<lambda> completed in 0.010 seconds
INFO  2025-11-25 21:59:09,047 serena.cli:health_check:672 - GetSymbolsOverviewTool returned 8 symbols
INFO  2025-11-25 21:59:09,048 serena.cli:health_check:697 - Using symbol for testing: cleanup (kind: 12)
INFO  2025-11-25 21:59:09,048 serena.cli:health_check:700 - Testing FindSymbolTool for symbol: cleanup
INFO  2025-11-25 21:59:09,048 serena.task_executor:issue_task:192 - Scheduling Task-3:<lambda>
INFO  2025-11-25 21:59:09,147 serena.task_executor:_process_task_queue:123 - Starting execution of Task-3:<lambda>
INFO  2025-11-25 21:59:09,148 serena.task_executor:start:360 - Task-3:<lambda> starting ...
INFO  2025-11-25 21:59:09,149 solidlsp:request_document_symbols:212 - LSP function detection for scripts/executable_preview_all.sh: Found 1 functions
INFO  2025-11-25 21:59:09,149 serena.task_executor:stop:367 - Task-3:<lambda> completed in 0.002 seconds
INFO  2025-11-25 21:59:09,149 serena.cli:health_check:705 - FindSymbolTool found 1 matches for symbol cleanup
INFO  2025-11-25 21:59:09,150 serena.cli:health_check:708 - Testing FindReferencingSymbolsTool for symbol: cleanup
INFO  2025-11-25 21:59:09,150 serena.task_executor:issue_task:192 - Scheduling Task-4:<lambda>
INFO  2025-11-25 21:59:09,250 serena.task_executor:_process_task_queue:123 - Starting execution of Task-4:<lambda>
INFO  2025-11-25 21:59:09,251 serena.task_executor:start:360 - Task-4:<lambda> starting ...
INFO  2025-11-25 21:59:09,255 solidlsp:request_document_symbols:212 - LSP function detection for scripts/executable_preview_all.sh: Found 1 functions
INFO  2025-11-25 21:59:09,770 solidlsp:window_log_message:149 - LSP: window/logMessage: {"type": 2, "message": "05:59:09.767 WARNING ⛔️ ShellCheck: disabling linting as no executable was found at path "shellcheck""}
INFO  2025-11-25 21:59:11,264 serena.task_executor:stop:367 - Task-4:<lambda> completed in 2.013 seconds
INFO  2025-11-25 21:59:11,264 serena.cli:health_check:712 - FindReferencingSymbolsTool found 0 references for symbol cleanup
INFO  2025-11-25 21:59:11,264 serena.cli:health_check:718 - Testing SearchForPatternTool for pattern: cleanup
INFO  2025-11-25 21:59:11,264 serena.task_executor:issue_task:192 - Scheduling Task-5:<lambda>
INFO  2025-11-25 21:59:11,364 serena.task_executor:_process_task_queue:123 - Starting execution of Task-5:<lambda>
INFO  2025-11-25 21:59:11,365 serena.task_executor:start:360 - Task-5:<lambda> starting ...
INFO  2025-11-25 21:59:11,368 serena.text_utils:search_files:365 - Processing 1 files.
INFO  2025-11-25 21:59:11,397 serena.text_utils:search_files:406 - Found 2 total matches across 1 files
INFO  2025-11-25 21:59:11,397 serena.task_executor:stop:367 - Task-5:<lambda> completed in 0.032 seconds
INFO  2025-11-25 21:59:11,397 serena.cli:health_check:725 - SearchForPatternTool found 2 pattern matches for cleanup
INFO  2025-11-25 21:59:11,397 serena.cli:health_check:739 - Health check completed successfully
