00:00:00.262296 VirtualBox GUI VM Selector Window 6.0.6 r129722 linux.amd64 (Apr 21 2019 17:21:37) release log
00:00:00.262297 Log opened 2019-05-03T20:17:50.490300000Z
00:00:00.262298 Build Type: release
00:00:00.262300 OS Product: Linux
00:00:00.262300 OS Release: 5.0.10-arch1-1-ARCH
00:00:00.262301 OS Version: #1 SMP PREEMPT Sat Apr 27 20:06:45 UTC 2019
00:00:00.262316 DMI Product Name: 20KHCTO1WW
00:00:00.262321 DMI Product Version: ThinkPad X1 Carbon 6th
00:00:00.262346 Host RAM: 15781MB (15.4GB) total, 12790MB (12.4GB) available
00:00:00.262348 Executable: /usr/lib/virtualbox/VirtualBox
00:00:00.262348 Process ID: 11334
00:00:00.262349 Package type: LINUX_64BITS_GENERIC (OSE)
00:00:00.262365 Qt version: 5.12.3
00:00:00.280709 GUI: UIMediumEnumerator: Medium-enumeration started...
00:00:00.604929 GUI: UIDesktopWidgetWatchdog::sltHandleHostScreenAvailableGeometryCalculated: Screen 0 work area is actually resized to: 6x26 x 627x664
00:00:00.620633 Failed to open "/dev/vboxdrv", errno=13, rc=VERR_VM_DRIVER_NOT_ACCESSIBLE
00:00:00.620690 GUI: UIMediumEnumerator: Medium-enumeration finished!
00:00:31.007462 GUI: UIMediumEnumerator: Medium-enumeration finished!
00:01:02.162765 GUI: UIMediumEnumerator: Medium-enumeration finished!
00:01:15.000050 GUI: UIMediumEnumerator: Medium-enumeration finished!
00:01:33.387310 GUI: UIMediumEnumerator: Medium-enumeration finished!
00:01:33.918637 GUI: UIMediumEnumerator: Medium-enumeration finished!
