1746547956.130696 client started (2005565): version 3.5a, socket /tmp/tmux-1000/default, protocol 8
1746547956.130721 on Linux 6.14.4-arch1-2 #1 SMP PREEMPT_DYNAMIC Tue, 29 Apr 2025 09:23:13 +0000
1746547956.130725 using libevent 2.1.12-stable poll
1746547956.130727 using ncurses 6.5 20240427
1746547956.130739 flags are 0x10010000
1746547956.130749 socket is /tmp/tmux-1000/default
1746547956.130759 trying connect
1746547956.130807 add peer 0x5f82d87a5bb0: 6 ((nil))
1746547956.131002 sending message 111 to peer 0x5f82d87a5bb0 (8 bytes)
1746547956.131011 sending message 111 to peer 0x5f82d87a5bb0 (8 bytes)
1746547956.131014 sending message 101 to peer 0x5f82d87a5bb0 (14 bytes)
1746547956.131018 sending message 109 to peer 0x5f82d87a5bb0 (4 bytes)
1746547956.131021 sending message 102 to peer 0x5f82d87a5bb0 (12 bytes)
1746547956.131024 sending message 108 to peer 0x5f82d87a5bb0 (47 bytes)
1746547956.131027 sending message 112 to peer 0x5f82d87a5bb0 (70 bytes)
1746547956.131029 sending message 112 to peer 0x5f82d87a5bb0 (5 bytes)
1746547956.131032 sending message 112 to peer 0x5f82d87a5bb0 (5 bytes)
1746547956.131035 sending message 112 to peer 0x5f82d87a5bb0 (6 bytes)
1746547956.131038 sending message 112 to peer 0x5f82d87a5bb0 (6 bytes)
1746547956.131041 sending message 112 to peer 0x5f82d87a5bb0 (11 bytes)
1746547956.131044 sending message 112 to peer 0x5f82d87a5bb0 (10 bytes)
1746547956.131047 sending message 112 to peer 0x5f82d87a5bb0 (13 bytes)
1746547956.131050 sending message 112 to peer 0x5f82d87a5bb0 (13 bytes)
1746547956.131052 sending message 112 to peer 0x5f82d87a5bb0 (18 bytes)
1746547956.131055 sending message 112 to peer 0x5f82d87a5bb0 (11 bytes)
1746547956.131058 sending message 112 to peer 0x5f82d87a5bb0 (10 bytes)
1746547956.131061 sending message 112 to peer 0x5f82d87a5bb0 (15 bytes)
1746547956.131064 sending message 112 to peer 0x5f82d87a5bb0 (21 bytes)
1746547956.131069 sending message 112 to peer 0x5f82d87a5bb0 (13 bytes)
1746547956.131072 sending message 112 to peer 0x5f82d87a5bb0 (7 bytes)
1746547956.131075 sending message 112 to peer 0x5f82d87a5bb0 (13 bytes)
1746547956.131078 sending message 112 to peer 0x5f82d87a5bb0 (7 bytes)
1746547956.131080 sending message 112 to peer 0x5f82d87a5bb0 (13 bytes)
1746547956.131083 sending message 112 to peer 0x5f82d87a5bb0 (9 bytes)
1746547956.131086 sending message 112 to peer 0x5f82d87a5bb0 (21 bytes)
1746547956.131089 sending message 112 to peer 0x5f82d87a5bb0 (13 bytes)
1746547956.131092 sending message 112 to peer 0x5f82d87a5bb0 (8 bytes)
1746547956.131095 sending message 112 to peer 0x5f82d87a5bb0 (12 bytes)
1746547956.131098 sending message 112 to peer 0x5f82d87a5bb0 (13 bytes)
1746547956.131101 sending message 112 to peer 0x5f82d87a5bb0 (9 bytes)
1746547956.131103 sending message 112 to peer 0x5f82d87a5bb0 (9 bytes)
1746547956.131106 sending message 112 to peer 0x5f82d87a5bb0 (12 bytes)
1746547956.131110 sending message 112 to peer 0x5f82d87a5bb0 (8 bytes)
1746547956.131113 sending message 112 to peer 0x5f82d87a5bb0 (8 bytes)
1746547956.131116 sending message 112 to peer 0x5f82d87a5bb0 (7 bytes)
1746547956.131119 sending message 112 to peer 0x5f82d87a5bb0 (7 bytes)
1746547956.131122 sending message 112 to peer 0x5f82d87a5bb0 (9 bytes)
1746547956.131125 sending message 112 to peer 0x5f82d87a5bb0 (13 bytes)
1746547956.131128 sending message 112 to peer 0x5f82d87a5bb0 (6 bytes)
1746547956.131131 sending message 112 to peer 0x5f82d87a5bb0 (9 bytes)
1746547956.131133 sending message 112 to peer 0x5f82d87a5bb0 (15 bytes)
1746547956.131136 sending message 112 to peer 0x5f82d87a5bb0 (13 bytes)
1746547956.131139 sending message 112 to peer 0x5f82d87a5bb0 (12 bytes)
1746547956.131142 sending message 112 to peer 0x5f82d87a5bb0 (8 bytes)
1746547956.131145 sending message 112 to peer 0x5f82d87a5bb0 (14 bytes)
1746547956.131148 sending message 112 to peer 0x5f82d87a5bb0 (11 bytes)
1746547956.131151 sending message 112 to peer 0x5f82d87a5bb0 (9 bytes)
1746547956.131154 sending message 112 to peer 0x5f82d87a5bb0 (10 bytes)
1746547956.131158 sending message 112 to peer 0x5f82d87a5bb0 (10 bytes)
1746547956.131167 sending message 112 to peer 0x5f82d87a5bb0 (10 bytes)
1746547956.131170 sending message 112 to peer 0x5f82d87a5bb0 (10 bytes)
1746547956.131173 sending message 112 to peer 0x5f82d87a5bb0 (11 bytes)
1746547956.131176 sending message 112 to peer 0x5f82d87a5bb0 (12 bytes)
1746547956.131178 sending message 112 to peer 0x5f82d87a5bb0 (12 bytes)
1746547956.131181 sending message 112 to peer 0x5f82d87a5bb0 (12 bytes)
1746547956.131184 sending message 112 to peer 0x5f82d87a5bb0 (12 bytes)
1746547956.131187 sending message 112 to peer 0x5f82d87a5bb0 (12 bytes)
1746547956.131190 sending message 112 to peer 0x5f82d87a5bb0 (11 bytes)
1746547956.131193 sending message 112 to peer 0x5f82d87a5bb0 (11 bytes)
1746547956.131196 sending message 112 to peer 0x5f82d87a5bb0 (12 bytes)
1746547956.131200 sending message 112 to peer 0x5f82d87a5bb0 (12 bytes)
1746547956.131203 sending message 112 to peer 0x5f82d87a5bb0 (12 bytes)
1746547956.131206 sending message 112 to peer 0x5f82d87a5bb0 (12 bytes)
1746547956.131209 sending message 112 to peer 0x5f82d87a5bb0 (12 bytes)
1746547956.131211 sending message 112 to peer 0x5f82d87a5bb0 (10 bytes)
1746547956.131214 sending message 112 to peer 0x5f82d87a5bb0 (12 bytes)
1746547956.131217 sending message 112 to peer 0x5f82d87a5bb0 (13 bytes)
1746547956.131220 sending message 112 to peer 0x5f82d87a5bb0 (13 bytes)
1746547956.131223 sending message 112 to peer 0x5f82d87a5bb0 (13 bytes)
1746547956.131226 sending message 112 to peer 0x5f82d87a5bb0 (13 bytes)
1746547956.131229 sending message 112 to peer 0x5f82d87a5bb0 (13 bytes)
1746547956.131232 sending message 112 to peer 0x5f82d87a5bb0 (8 bytes)
1746547956.131235 sending message 112 to peer 0x5f82d87a5bb0 (11 bytes)
1746547956.131238 sending message 112 to peer 0x5f82d87a5bb0 (11 bytes)
1746547956.131241 sending message 112 to peer 0x5f82d87a5bb0 (11 bytes)
1746547956.131245 sending message 112 to peer 0x5f82d87a5bb0 (12 bytes)
1746547956.131248 sending message 112 to peer 0x5f82d87a5bb0 (12 bytes)
1746547956.131251 sending message 112 to peer 0x5f82d87a5bb0 (12 bytes)
1746547956.131253 sending message 112 to peer 0x5f82d87a5bb0 (12 bytes)
1746547956.131256 sending message 112 to peer 0x5f82d87a5bb0 (13 bytes)
1746547956.131259 sending message 112 to peer 0x5f82d87a5bb0 (13 bytes)
1746547956.131262 sending message 112 to peer 0x5f82d87a5bb0 (13 bytes)
1746547956.131265 sending message 112 to peer 0x5f82d87a5bb0 (8 bytes)
1746547956.131268 sending message 112 to peer 0x5f82d87a5bb0 (13 bytes)
1746547956.131271 sending message 112 to peer 0x5f82d87a5bb0 (13 bytes)
1746547956.131274 sending message 112 to peer 0x5f82d87a5bb0 (13 bytes)
1746547956.131276 sending message 112 to peer 0x5f82d87a5bb0 (13 bytes)
1746547956.131279 sending message 112 to peer 0x5f82d87a5bb0 (13 bytes)
1746547956.131282 sending message 112 to peer 0x5f82d87a5bb0 (12 bytes)
1746547956.131286 sending message 112 to peer 0x5f82d87a5bb0 (12 bytes)
1746547956.131289 sending message 112 to peer 0x5f82d87a5bb0 (12 bytes)
1746547956.131292 sending message 112 to peer 0x5f82d87a5bb0 (12 bytes)
1746547956.131295 sending message 112 to peer 0x5f82d87a5bb0 (13 bytes)
1746547956.131298 sending message 112 to peer 0x5f82d87a5bb0 (8 bytes)
1746547956.131301 sending message 112 to peer 0x5f82d87a5bb0 (13 bytes)
1746547956.131304 sending message 112 to peer 0x5f82d87a5bb0 (13 bytes)
1746547956.131307 sending message 112 to peer 0x5f82d87a5bb0 (13 bytes)
1746547956.131309 sending message 112 to peer 0x5f82d87a5bb0 (13 bytes)
1746547956.131312 sending message 112 to peer 0x5f82d87a5bb0 (13 bytes)
1746547956.131315 sending message 112 to peer 0x5f82d87a5bb0 (13 bytes)
1746547956.131318 sending message 112 to peer 0x5f82d87a5bb0 (13 bytes)
1746547956.131321 sending message 112 to peer 0x5f82d87a5bb0 (12 bytes)
1746547956.131324 sending message 112 to peer 0x5f82d87a5bb0 (12 bytes)
1746547956.131327 sending message 112 to peer 0x5f82d87a5bb0 (12 bytes)
1746547956.131331 sending message 112 to peer 0x5f82d87a5bb0 (8 bytes)
1746547956.131334 sending message 112 to peer 0x5f82d87a5bb0 (12 bytes)
1746547956.131341 sending message 112 to peer 0x5f82d87a5bb0 (13 bytes)
1746547956.131344 sending message 112 to peer 0x5f82d87a5bb0 (13 bytes)
1746547956.131347 sending message 112 to peer 0x5f82d87a5bb0 (13 bytes)
1746547956.131350 sending message 112 to peer 0x5f82d87a5bb0 (13 bytes)
1746547956.131353 sending message 112 to peer 0x5f82d87a5bb0 (13 bytes)
1746547956.131355 sending message 112 to peer 0x5f82d87a5bb0 (13 bytes)
1746547956.131358 sending message 112 to peer 0x5f82d87a5bb0 (13 bytes)
1746547956.131368 sending message 112 to peer 0x5f82d87a5bb0 (13 bytes)
1746547956.131372 sending message 112 to peer 0x5f82d87a5bb0 (12 bytes)
1746547956.131375 sending message 112 to peer 0x5f82d87a5bb0 (10 bytes)
1746547956.131377 sending message 112 to peer 0x5f82d87a5bb0 (12 bytes)
1746547956.131380 sending message 112 to peer 0x5f82d87a5bb0 (12 bytes)
1746547956.131383 sending message 112 to peer 0x5f82d87a5bb0 (12 bytes)
1746547956.131386 sending message 112 to peer 0x5f82d87a5bb0 (13 bytes)
1746547956.131391 sending message 112 to peer 0x5f82d87a5bb0 (13 bytes)
1746547956.131394 sending message 112 to peer 0x5f82d87a5bb0 (13 bytes)
1746547956.131396 sending message 112 to peer 0x5f82d87a5bb0 (13 bytes)
1746547956.131399 sending message 112 to peer 0x5f82d87a5bb0 (13 bytes)
1746547956.131402 sending message 112 to peer 0x5f82d87a5bb0 (13 bytes)
1746547956.131405 sending message 112 to peer 0x5f82d87a5bb0 (13 bytes)
1746547956.131408 sending message 112 to peer 0x5f82d87a5bb0 (10 bytes)
1746547956.131411 sending message 112 to peer 0x5f82d87a5bb0 (13 bytes)
1746547956.131414 sending message 112 to peer 0x5f82d87a5bb0 (12 bytes)
1746547956.131417 sending message 112 to peer 0x5f82d87a5bb0 (12 bytes)
1746547956.131420 sending message 112 to peer 0x5f82d87a5bb0 (12 bytes)
1746547956.131422 sending message 112 to peer 0x5f82d87a5bb0 (10 bytes)
1746547956.131425 sending message 112 to peer 0x5f82d87a5bb0 (10 bytes)
1746547956.131429 sending message 112 to peer 0x5f82d87a5bb0 (10 bytes)
1746547956.131433 sending message 112 to peer 0x5f82d87a5bb0 (12 bytes)
1746547956.131436 sending message 112 to peer 0x5f82d87a5bb0 (13 bytes)
1746547956.131439 sending message 112 to peer 0x5f82d87a5bb0 (13 bytes)
1746547956.131441 sending message 112 to peer 0x5f82d87a5bb0 (13 bytes)
1746547956.131444 sending message 112 to peer 0x5f82d87a5bb0 (13 bytes)
1746547956.131447 sending message 112 to peer 0x5f82d87a5bb0 (13 bytes)
1746547956.131450 sending message 112 to peer 0x5f82d87a5bb0 (11 bytes)
1746547956.131453 sending message 112 to peer 0x5f82d87a5bb0 (11 bytes)
1746547956.131456 sending message 112 to peer 0x5f82d87a5bb0 (12 bytes)
1746547956.131459 sending message 112 to peer 0x5f82d87a5bb0 (12 bytes)
1746547956.131462 sending message 112 to peer 0x5f82d87a5bb0 (12 bytes)
1746547956.131464 sending message 112 to peer 0x5f82d87a5bb0 (12 bytes)
1746547956.131467 sending message 112 to peer 0x5f82d87a5bb0 (12 bytes)
1746547956.131470 sending message 112 to peer 0x5f82d87a5bb0 (11 bytes)
1746547956.131474 sending message 112 to peer 0x5f82d87a5bb0 (12 bytes)
1746547956.131478 sending message 112 to peer 0x5f82d87a5bb0 (12 bytes)
1746547956.131481 sending message 112 to peer 0x5f82d87a5bb0 (13 bytes)
1746547956.131483 sending message 112 to peer 0x5f82d87a5bb0 (13 bytes)
1746547956.131486 sending message 112 to peer 0x5f82d87a5bb0 (13 bytes)
1746547956.131489 sending message 112 to peer 0x5f82d87a5bb0 (13 bytes)
1746547956.131492 sending message 112 to peer 0x5f82d87a5bb0 (13 bytes)
1746547956.131495 sending message 112 to peer 0x5f82d87a5bb0 (10 bytes)
1746547956.131498 sending message 112 to peer 0x5f82d87a5bb0 (9 bytes)
1746547956.131501 sending message 112 to peer 0x5f82d87a5bb0 (12 bytes)
1746547956.131504 sending message 112 to peer 0x5f82d87a5bb0 (13 bytes)
1746547956.131507 sending message 112 to peer 0x5f82d87a5bb0 (13 bytes)
1746547956.131509 sending message 112 to peer 0x5f82d87a5bb0 (13 bytes)
1746547956.131512 sending message 112 to peer 0x5f82d87a5bb0 (13 bytes)
1746547956.131515 sending message 112 to peer 0x5f82d87a5bb0 (13 bytes)
1746547956.131524 sending message 112 to peer 0x5f82d87a5bb0 (9 bytes)
1746547956.131527 sending message 112 to peer 0x5f82d87a5bb0 (12 bytes)
1746547956.131530 sending message 112 to peer 0x5f82d87a5bb0 (13 bytes)
1746547956.131533 sending message 112 to peer 0x5f82d87a5bb0 (13 bytes)
1746547956.131535 sending message 112 to peer 0x5f82d87a5bb0 (13 bytes)
1746547956.131538 sending message 112 to peer 0x5f82d87a5bb0 (13 bytes)
1746547956.131541 sending message 112 to peer 0x5f82d87a5bb0 (13 bytes)
1746547956.131544 sending message 112 to peer 0x5f82d87a5bb0 (11 bytes)
1746547956.131547 sending message 112 to peer 0x5f82d87a5bb0 (12 bytes)
1746547956.131550 sending message 112 to peer 0x5f82d87a5bb0 (13 bytes)
1746547956.131553 sending message 112 to peer 0x5f82d87a5bb0 (13 bytes)
1746547956.131555 sending message 112 to peer 0x5f82d87a5bb0 (13 bytes)
1746547956.131558 sending message 112 to peer 0x5f82d87a5bb0 (13 bytes)
1746547956.131562 sending message 112 to peer 0x5f82d87a5bb0 (13 bytes)
1746547956.131566 sending message 112 to peer 0x5f82d87a5bb0 (11 bytes)
1746547956.131569 sending message 112 to peer 0x5f82d87a5bb0 (12 bytes)
1746547956.131571 sending message 112 to peer 0x5f82d87a5bb0 (12 bytes)
1746547956.131574 sending message 112 to peer 0x5f82d87a5bb0 (12 bytes)
1746547956.131577 sending message 112 to peer 0x5f82d87a5bb0 (12 bytes)
1746547956.131580 sending message 112 to peer 0x5f82d87a5bb0 (12 bytes)
1746547956.131583 sending message 112 to peer 0x5f82d87a5bb0 (21 bytes)
1746547956.131586 sending message 112 to peer 0x5f82d87a5bb0 (12 bytes)
1746547956.131589 sending message 112 to peer 0x5f82d87a5bb0 (9 bytes)
1746547956.131592 sending message 112 to peer 0x5f82d87a5bb0 (6 bytes)
1746547956.131595 sending message 112 to peer 0x5f82d87a5bb0 (13 bytes)
1746547956.131598 sending message 112 to peer 0x5f82d87a5bb0 (8 bytes)
1746547956.131601 sending message 112 to peer 0x5f82d87a5bb0 (15 bytes)
1746547956.131604 sending message 112 to peer 0x5f82d87a5bb0 (13 bytes)
1746547956.131608 sending message 112 to peer 0x5f82d87a5bb0 (9 bytes)
1746547956.131611 sending message 112 to peer 0x5f82d87a5bb0 (70 bytes)
1746547956.131614 sending message 112 to peer 0x5f82d87a5bb0 (69 bytes)
1746547956.131617 sending message 112 to peer 0x5f82d87a5bb0 (10 bytes)
1746547956.131620 sending message 112 to peer 0x5f82d87a5bb0 (10 bytes)
1746547956.131623 sending message 112 to peer 0x5f82d87a5bb0 (8 bytes)
1746547956.131625 sending message 112 to peer 0x5f82d87a5bb0 (15 bytes)
1746547956.131628 sending message 112 to peer 0x5f82d87a5bb0 (13 bytes)
1746547956.131631 sending message 112 to peer 0x5f82d87a5bb0 (10 bytes)
1746547956.131634 sending message 112 to peer 0x5f82d87a5bb0 (10 bytes)
1746547956.131637 sending message 112 to peer 0x5f82d87a5bb0 (17 bytes)
1746547956.131640 sending message 112 to peer 0x5f82d87a5bb0 (10 bytes)
1746547956.131643 sending message 112 to peer 0x5f82d87a5bb0 (13 bytes)
1746547956.131646 sending message 112 to peer 0x5f82d87a5bb0 (9 bytes)
1746547956.131649 sending message 112 to peer 0x5f82d87a5bb0 (5 bytes)
1746547956.131653 sending message 112 to peer 0x5f82d87a5bb0 (15 bytes)
1746547956.131657 sending message 104 to peer 0x5f82d87a5bb0 (0 bytes)
1746547956.131660 sending message 110 to peer 0x5f82d87a5bb0 (0 bytes)
1746547956.131663 sending message 107 to peer 0x5f82d87a5bb0 (4 bytes)
1746547956.131666 sending message 105 to peer 0x5f82d87a5bb0 (26 bytes)
1746547956.131669 sending message 105 to peer 0x5f82d87a5bb0 (15 bytes)
1746547956.131672 sending message 105 to peer 0x5f82d87a5bb0 (11 bytes)
1746547956.131675 sending message 105 to peer 0x5f82d87a5bb0 (48 bytes)
1746547956.131678 sending message 105 to peer 0x5f82d87a5bb0 (11 bytes)
1746547956.131681 sending message 105 to peer 0x5f82d87a5bb0 (28 bytes)
1746547956.131684 sending message 105 to peer 0x5f82d87a5bb0 (29 bytes)
1746547956.131687 sending message 105 to peer 0x5f82d87a5bb0 (19 bytes)
1746547956.131690 sending message 105 to peer 0x5f82d87a5bb0 (43 bytes)
1746547956.131693 sending message 105 to peer 0x5f82d87a5bb0 (37 bytes)
1746547956.131701 sending message 105 to peer 0x5f82d87a5bb0 (48 bytes)
1746547956.131704 sending message 105 to peer 0x5f82d87a5bb0 (25 bytes)
1746547956.131707 sending message 105 to peer 0x5f82d87a5bb0 (16 bytes)
1746547956.131709 sending message 105 to peer 0x5f82d87a5bb0 (19 bytes)
1746547956.131712 sending message 105 to peer 0x5f82d87a5bb0 (20 bytes)
1746547956.131715 sending message 105 to peer 0x5f82d87a5bb0 (30 bytes)
1746547956.131718 sending message 105 to peer 0x5f82d87a5bb0 (19 bytes)
1746547956.131721 sending message 105 to peer 0x5f82d87a5bb0 (38 bytes)
1746547956.131724 sending message 105 to peer 0x5f82d87a5bb0 (13 bytes)
1746547956.131727 sending message 105 to peer 0x5f82d87a5bb0 (20 bytes)
1746547956.131730 sending message 105 to peer 0x5f82d87a5bb0 (40 bytes)
1746547956.131733 sending message 105 to peer 0x5f82d87a5bb0 (24 bytes)
1746547956.131736 sending message 105 to peer 0x5f82d87a5bb0 (17 bytes)
1746547956.131740 sending message 105 to peer 0x5f82d87a5bb0 (14 bytes)
1746547956.131743 sending message 105 to peer 0x5f82d87a5bb0 (15 bytes)
1746547956.131746 sending message 105 to peer 0x5f82d87a5bb0 (30 bytes)
1746547956.131749 sending message 105 to peer 0x5f82d87a5bb0 (45 bytes)
1746547956.131752 sending message 105 to peer 0x5f82d87a5bb0 (20 bytes)
1746547956.131755 sending message 105 to peer 0x5f82d87a5bb0 (70 bytes)
1746547956.131758 sending message 105 to peer 0x5f82d87a5bb0 (37 bytes)
1746547956.131761 sending message 105 to peer 0x5f82d87a5bb0 (35 bytes)
1746547956.131764 sending message 105 to peer 0x5f82d87a5bb0 (18 bytes)
1746547956.131767 sending message 105 to peer 0x5f82d87a5bb0 (73 bytes)
1746547956.131770 sending message 105 to peer 0x5f82d87a5bb0 (32 bytes)
1746547956.131773 sending message 105 to peer 0x5f82d87a5bb0 (105 bytes)
1746547956.131776 sending message 105 to peer 0x5f82d87a5bb0 (15 bytes)
1746547956.131779 sending message 105 to peer 0x5f82d87a5bb0 (54 bytes)
1746547956.131783 sending message 105 to peer 0x5f82d87a5bb0 (47 bytes)
1746547956.131786 sending message 105 to peer 0x5f82d87a5bb0 (339 bytes)
1746547956.131789 sending message 105 to peer 0x5f82d87a5bb0 (18 bytes)
1746547956.131792 sending message 105 to peer 0x5f82d87a5bb0 (91 bytes)
1746547956.131795 sending message 105 to peer 0x5f82d87a5bb0 (25 bytes)
1746547956.131798 sending message 105 to peer 0x5f82d87a5bb0 (40 bytes)
1746547956.131801 sending message 105 to peer 0x5f82d87a5bb0 (65 bytes)
1746547956.131804 sending message 105 to peer 0x5f82d87a5bb0 (16 bytes)
1746547956.131807 sending message 105 to peer 0x5f82d87a5bb0 (26 bytes)
1746547956.131810 sending message 105 to peer 0x5f82d87a5bb0 (98 bytes)
1746547956.131813 sending message 105 to peer 0x5f82d87a5bb0 (8 bytes)
1746547956.131816 sending message 105 to peer 0x5f82d87a5bb0 (604 bytes)
1746547956.131819 sending message 105 to peer 0x5f82d87a5bb0 (37 bytes)
1746547956.131822 sending message 105 to peer 0x5f82d87a5bb0 (44 bytes)
1746547956.131826 sending message 105 to peer 0x5f82d87a5bb0 (19 bytes)
1746547956.131829 sending message 105 to peer 0x5f82d87a5bb0 (47 bytes)
1746547956.131832 sending message 105 to peer 0x5f82d87a5bb0 (166 bytes)
1746547956.131835 sending message 105 to peer 0x5f82d87a5bb0 (22 bytes)
1746547956.131837 sending message 105 to peer 0x5f82d87a5bb0 (57 bytes)
1746547956.131840 sending message 105 to peer 0x5f82d87a5bb0 (17 bytes)
1746547956.131843 sending message 105 to peer 0x5f82d87a5bb0 (23 bytes)
1746547956.131846 sending message 105 to peer 0x5f82d87a5bb0 (17 bytes)
1746547956.131849 sending message 105 to peer 0x5f82d87a5bb0 (68 bytes)
1746547956.131852 sending message 105 to peer 0x5f82d87a5bb0 (32 bytes)
1746547956.131855 sending message 105 to peer 0x5f82d87a5bb0 (61 bytes)
1746547956.131858 sending message 105 to peer 0x5f82d87a5bb0 (13 bytes)
1746547956.131861 sending message 105 to peer 0x5f82d87a5bb0 (124 bytes)
1746547956.131864 sending message 105 to peer 0x5f82d87a5bb0 (109 bytes)
1746547956.131867 sending message 105 to peer 0x5f82d87a5bb0 (15 bytes)
1746547956.131871 sending message 105 to peer 0x5f82d87a5bb0 (300 bytes)
1746547956.131878 sending message 105 to peer 0x5f82d87a5bb0 (42 bytes)
1746547956.131881 sending message 105 to peer 0x5f82d87a5bb0 (55 bytes)
1746547956.131884 sending message 105 to peer 0x5f82d87a5bb0 (37 bytes)
1746547956.131887 sending message 105 to peer 0x5f82d87a5bb0 (20 bytes)
1746547956.131890 sending message 105 to peer 0x5f82d87a5bb0 (16 bytes)
1746547956.131893 sending message 105 to peer 0x5f82d87a5bb0 (29 bytes)
1746547956.131896 sending message 105 to peer 0x5f82d87a5bb0 (32 bytes)
1746547956.131898 sending message 105 to peer 0x5f82d87a5bb0 (45 bytes)
1746547956.131901 sending message 105 to peer 0x5f82d87a5bb0 (19 bytes)
1746547956.131904 sending message 105 to peer 0x5f82d87a5bb0 (49 bytes)
1746547956.131907 sending message 105 to peer 0x5f82d87a5bb0 (14 bytes)
1746547956.131910 sending message 105 to peer 0x5f82d87a5bb0 (15 bytes)
1746547956.131914 sending message 105 to peer 0x5f82d87a5bb0 (26 bytes)
1746547956.131917 sending message 105 to peer 0x5f82d87a5bb0 (326 bytes)
1746547956.131921 sending message 105 to peer 0x5f82d87a5bb0 (12 bytes)
1746547956.131924 sending message 105 to peer 0x5f82d87a5bb0 (43 bytes)
1746547956.131927 sending message 105 to peer 0x5f82d87a5bb0 (30 bytes)
1746547956.131929 sending message 105 to peer 0x5f82d87a5bb0 (50 bytes)
1746547956.131932 sending message 105 to peer 0x5f82d87a5bb0 (27 bytes)
1746547956.131935 sending message 105 to peer 0x5f82d87a5bb0 (16 bytes)
1746547956.131938 sending message 105 to peer 0x5f82d87a5bb0 (16 bytes)
1746547956.131941 sending message 105 to peer 0x5f82d87a5bb0 (27 bytes)
1746547956.131944 sending message 105 to peer 0x5f82d87a5bb0 (76 bytes)
1746547956.131947 sending message 105 to peer 0x5f82d87a5bb0 (23 bytes)
1746547956.131950 sending message 105 to peer 0x5f82d87a5bb0 (633 bytes)
1746547956.131953 sending message 105 to peer 0x5f82d87a5bb0 (23 bytes)
1746547956.131956 sending message 105 to peer 0x5f82d87a5bb0 (88 bytes)
1746547956.131960 sending message 105 to peer 0x5f82d87a5bb0 (38 bytes)
1746547956.131963 sending message 105 to peer 0x5f82d87a5bb0 (56 bytes)
1746547956.131966 sending message 105 to peer 0x5f82d87a5bb0 (11 bytes)
1746547956.131969 sending message 105 to peer 0x5f82d87a5bb0 (34 bytes)
1746547956.131972 sending message 105 to peer 0x5f82d87a5bb0 (82 bytes)
1746547956.131975 sending message 105 to peer 0x5f82d87a5bb0 (22 bytes)
1746547956.131978 sending message 105 to peer 0x5f82d87a5bb0 (22 bytes)
1746547956.131981 sending message 105 to peer 0x5f82d87a5bb0 (39 bytes)
1746547956.131983 sending message 105 to peer 0x5f82d87a5bb0 (51 bytes)
1746547956.131986 sending message 105 to peer 0x5f82d87a5bb0 (21 bytes)
1746547956.131989 sending message 105 to peer 0x5f82d87a5bb0 (38 bytes)
1746547956.131992 sending message 105 to peer 0x5f82d87a5bb0 (4242 bytes)
1746547956.132008 sending message 105 to peer 0x5f82d87a5bb0 (30 bytes)
1746547956.132012 sending message 105 to peer 0x5f82d87a5bb0 (25 bytes)
1746547956.132015 sending message 105 to peer 0x5f82d87a5bb0 (20 bytes)
1746547956.132018 sending message 105 to peer 0x5f82d87a5bb0 (148 bytes)
1746547956.132021 sending message 105 to peer 0x5f82d87a5bb0 (31 bytes)
1746547956.132023 sending message 105 to peer 0x5f82d87a5bb0 (18 bytes)
1746547956.132026 sending message 105 to peer 0x5f82d87a5bb0 (51 bytes)
1746547956.132029 sending message 105 to peer 0x5f82d87a5bb0 (21 bytes)
1746547956.132032 sending message 105 to peer 0x5f82d87a5bb0 (21 bytes)
1746547956.132034 sending message 105 to peer 0x5f82d87a5bb0 (27 bytes)
1746547956.132037 sending message 105 to peer 0x5f82d87a5bb0 (25 bytes)
1746547956.132040 sending message 105 to peer 0x5f82d87a5bb0 (17 bytes)
1746547956.132044 sending message 106 to peer 0x5f82d87a5bb0 (0 bytes)
1746547956.132082 sending message 200 to peer 0x5f82d87a5bb0 (4 bytes)
1746547956.132087 client loop enter
1746547956.132607 peer 0x5f82d87a5bb0 message 303
1746547956.132614 open write file 2 -
1746547956.132620 sending message 305 to peer 0x5f82d87a5bb0 (8 bytes)
1746547956.132626 write check file 2
1746547956.132714 peer 0x5f82d87a5bb0 message 304
1746547956.132720 write 58 to file 2
1746547956.132723 peer 0x5f82d87a5bb0 message 203
1746547956.132726 file 2 58 bytes left
1746547956.132735 write check file 2
1746547956.132737 client loop exit
